4:0x0      0x0       0x54503364 65280     5     0x10000060c     (null)           AppleSMCKeysEndpoint                 PMU tdev3                          (null)                  1        
7:0x0      0x0       0x5450636c 65280     5     0x10000061e     (null)           AppleSMCKeysEndpoint                 PMU tdie12                         (null)                  1        
9:0x0      0x0       0x54473242 65280     5     0x1000008e4     (null)           AppleSMCKeysEndpoint                 gas gauge battery                  (null)                  1        
11:0x0      0x0       0x54523362 65280     5     0x10000088e     (null)           AppleSMCKeysEndpoint                 PMU2 tdie3                         (null)                  1        
12:0x0      0x0       0x0        65292     5     0x100000768     SPU              AppleSPUHIDDriver                    (null)                             (null)                  1        
15:0x0      0x0       0x54503662 65280     5     0x100000617     (null)           AppleSMCKeysEndpoint                 PMU tdie6                          (null)                  1        
20:0x0      0x0       0x54503764 65280     5     0x100000610     (null)           AppleSMCKeysEndpoint                 PMU tdev7                          (null)                  1        
21:0x0      0x0       0x0        65280     255   0x100000773     SPU              AppleSPUHIDDriver                    (null)                             (null)                  1        
25:0x0      0x0       0x54523164 65280     5     0x100000880     (null)           AppleSMCKeysEndpoint                 PMU2 tdev1                         (null)                  1        
26:0x0      0x0       0x54523562 65280     5     0x100000892     (null)           AppleSMCKeysEndpoint                 PMU2 tdie5                         (null)                  1        
31:0x0      0x0       0x54503962 65280     5     0x10000061b     (null)           AppleSMCKeysEndpoint                 PMU tdie9                          (null)                  1        
33:0x0      0x35b     0xe1       65280     11    0x100000a81     FIFO             AppleDeviceManagementHIDEventService Apple Internal Keyboard / Trackpad (null)                  1        
34:0x0      0x0       0x5450305a 65280     5     0x100000602     (null)           AppleSMCKeysEndpoint                 PMU tcal                           (null)                  1        
37:0x0      0x0       0x54503362 65280     5     0x100000614     (null)           AppleSMCKeysEndpoint                 PMU tdie3                          (null)                  1        
38:0x0      0x0       0x0        65292     1     0x10000080a     SPU              AppleSPUHIDDriver                    (null)                             (null)                  1        
41:0x0      0x0       0x54473042 65280     5     0x1000008da     (null)           AppleSMCKeysEndpoint                 gas gauge battery                  (null)                  1        
42:0x0      0x0       0x5450646c 65280     5     0x100000626     (null)           AppleSMCKeysEndpoint                 PMU tdie13                         (null)                  1        
43:0x0      0x0       0x54523364 65280     5     0x100000884     (null)           AppleSMCKeysEndpoint                 PMU2 tdev3                         (null)                  1        
45:0x5ac    0x8104    0x0        65280     9     0x100000733     SPU              AppleSPUHIDDriver                    (null)                             (null)                  1        
46:0x0      0x0       0x54523762 65280     5     0x100000896     (null)           AppleSMCKeysEndpoint                 PMU2 tdie7                         (null)                  1        
47:0x0      0x0       0x54503464 65280     5     0x10000060d     (null)           AppleSMCKeysEndpoint                 PMU tdev4                          (null)                  1        
48:0x0      0x0       0x0        65280     11    0x10000093b     (null)           AppleMesaShim                        (null)                             (null)                  1        
56:0x5ac    0x8104    0x0        32        138   0x100000769     SPU              AppleSPUHIDDriver                    (null)                             (null)                  1        
61:0x0      0x0       0x54473048 65280     5     0x1000008de     (null)           AppleSMCKeysEndpoint                 gas gauge battery                  (null)                  1        
62:0x0      0x0       0x54523564 65280     5     0x100000888     (null)           AppleSMCKeysEndpoint                 PMU2 tdev5                         (null)                  1        
64:0x5ac    0x0       0x0        65280     23    0x1000004d9     (null)           IOHIDSystem                          (null)                             (null)                  0        
65:0x0      0x0       0x5452396c 65280     5     0x10000089a     (null)           AppleSMCKeysEndpoint                 PMU2 tdie9                         (null)                  1        
66:0x0      0x0       0x54503864 65280     5     0x100000611     (null)           AppleSMCKeysEndpoint                 PMU tdev8                          (null)                  1        
67:0x0      0x0       0x544e306e 65280     5     0x10000096a     (null)           AppleANS3CGv2Controller              NAND CH0 temp                      (null)                  1        
75:0x0      0x0       0x54503164 65280     5     0x10000060a     (null)           AppleSMCKeysEndpoint                 PMU tdev1                          (null)                  1        
78:0x0      0x0       0x54506162 65280     5     0x10000061c     (null)           AppleSMCKeysEndpoint                 PMU tdie10                         (null)                  1        
80:0x0      0x0       0x54473142 65280     5     0x1000008e2     (null)           AppleSMCKeysEndpoint                 gas gauge battery                  (null)                  1        
82:0x0      0x0       0x54523262 65280     5     0x10000088c     (null)           AppleSMCKeysEndpoint                 PMU2 tdie2                         (null)                  1        
84:0x0      0x0       0x54503462 65280     5     0x100000615     (null)           AppleSMCKeysEndpoint                 PMU tdie4                          (null)                  1        
85:0x0      0x0       0x5450656c 65280     5     0x10000067d     (null)           AppleSMCKeysEndpoint                 PMU tdie14                         (null)                  1        
91:0x0      0x0       0x54503564 65280     5     0x10000060e     (null)           AppleSMCKeysEndpoint                 PMU tdev5                          (null)                  1        
94:0x0      0x0       0x5452305a 65280     5     0x10000087e     (null)           AppleSMCKeysEndpoint                 PMU2 tcal                          (null)                  1        
96:0x0      0x0       0x54523462 65280     5     0x100000890     (null)           AppleSMCKeysEndpoint                 PMU2 tdie4                         (null)                  1        
98:0x0      0x0       0x54503762 65280     5     0x100000619     (null)           AppleSMCKeysEndpoint                 PMU tdie7                          (null)                  1        
105:0x0      0x0       0x54503162 65280     5     0x100000612     (null)           AppleSMCKeysEndpoint                 PMU tdie1                          (null)                  1        
106:0x5ac    0x8104    0x0        65280     3     0x10000070d     SPU              AppleSPUHIDDriver                    (null)                             (null)                  1        
108:0x0      0x0       0x54523264 65280     5     0x100000882     (null)           AppleSMCKeysEndpoint                 PMU2 tdev2                         (null)                  1        
110:0x0      0x0       0x54503264 65280     5     0x10000060b     (null)           AppleSMCKeysEndpoint                 PMU tdev2                          (null)                  1        
111:0x0      0x0       0x54523662 65280     5     0x100000894     (null)           AppleSMCKeysEndpoint                 PMU2 tdie6                         (null)                  1        
115:0x0      0x0       0x5450626c 65280     5     0x10000061d     (null)           AppleSMCKeysEndpoint                 PMU tdie11                         (null)                  1        
120:0x0      0x0       0x54503562 65280     5     0x100000616     (null)           AppleSMCKeysEndpoint                 PMU tdie5                          (null)                  1        
122:0x0      0x0       0x54473043 65280     5     0x1000008dc     (null)           AppleSMCKeysEndpoint                 gas gauge battery                  (null)                  1        
123:0x0      0x0       0x5        65280     4     0x1000007b6     SPU              AppleSPUVD6286                       (null)                             (null)                  1        
124:0x0      0x0       0x54523464 65280     5     0x100000886     (null)           AppleSMCKeysEndpoint                 PMU2 tdev4                         (null)                  1        
126:0x0      0x0       0x5452386c 65280     5     0x100000898     (null)           AppleSMCKeysEndpoint                 PMU2 tdie8                         (null)                  1        
127:0x0      0x0       0x54503664 65280     5     0x10000060f     (null)           AppleSMCKeysEndpoint                 PMU tdev6                          (null)                  1        
135:0x0      0x0       0x54503862 65280     5     0x10000061a     (null)           AppleSMCKeysEndpoint                 PMU tdie8                          (null)                  1        
137:0x0      0x0       0x54473056 65280     5     0x1000008e0     (null)           AppleSMCKeysEndpoint                 gas gauge battery                  (null)                  1        
138:0x5ac    0x8104    0x0        65280     5     0x1000007e5     SPU              AppleSPUHIDDriver                    (null)                             (null)                  1        
139:0x0      0x0       0x54523162 65280     5     0x10000088a     (null)           AppleSMCKeysEndpoint                 PMU2 tdie1                         (null)                  1        
140:0x0      0x0       0x5452616c 65280     5     0x10000089c     (null)           AppleSMCKeysEndpoint                 PMU2 tdie10                        (null)                  1        
141:0x0      0x0       0x54503262 65280     5     0x100000613     (null)           AppleSMCKeysEndpoint                 PMU tdie2                          (null)                  1        
149:0x0      0x0       0xe1       65280     3     0x100000a65 FIFO      AppleHIDTransportHIDDevice Apple Internal Keyboard / Trackpad (null)    1        
151:0x0      0x0       0x0        65280     255   0x1000005a5 SPU       AppleSPUHIDDevice          (null)                             (null)    1        
152:0x0      0x0       0x5        65280     4     0x100000672 SPU       AppleSPUHIDDevice          (null)                             (null)    1        
153:0x5ac    0x8104    0x0        65280     3     0x100000595 SPU       AppleSPUHIDDevice          (null)                             (null)    1        
155:0x5ac    0x0       0x0        65280     15    0x100000e06 USB       IOHIDUserDevice            Keyboard Backlight                 (null)    1        
156:0x0      0x0       0x0        65292     5     0x100000548 SPU       AppleSPUHIDDevice          (null)                             (null)    1        
157:0x5ac    0x8104    0x0        65280     5     0x100000670 SPU       AppleSPUHIDDevice          (null)                             (null)    1        
158:0x0      0x0       0xe1       65280     13    0x100000a67 FIFO      AppleHIDTransportHIDDevice Apple Internal Keyboard / Trackpad (null)    1        
159:0x5ac    0x8104    0x0        32        138   0x1000005c3 SPU       AppleSPUHIDDevice          (null)                             (null)    1        
160:0x0      0x0       0xe1       65280     95    0x100000a6f FIFO      AppleHIDTransportHIDDevice Apple Internal Keyboard / Trackpad (null)    1        
161:0x0      0x0       0x0        65292     1     0x100000547 SPU       AppleSPUHIDDevice          (null)                             (null)    1        
163:0x0      0x0       0xe1       65280     11    0x100000a76 FIFO      AppleHIDTransportHIDDevice Apple Internal Keyboard / Trackpad (null)    1        
164:0x0      0x0       0x0        65280     72    0x1000008fd SPMI      AppleBTM                   BTM                                (null)    0        
165:0x5ac    0x8104    0x0        65280     9     0x1000005bf SPU       AppleSPUHIDDevice          (null)                             (null)    1        
