  EXP-0: IOKit Device Discovery
  euid: 501
  is_root: False

  IOHIDManagerOpen(kIOHIDOptionsTypeNone) returned: 0xe00002e2
  WARN: IOHIDManagerOpen returned error 0xe00002e2
  Continuing with direct AppleSPUHIDDevice service enumeration

  Service-level AppleSPUHIDDevice enumeration:
    [svc 0] page=0x0020 usage=138 product='None' transport='SPU'
    [svc 1] page=0xff0c usage=1 product='None' transport='SPU'
    [svc 2] page=0xff00 usage=4 product='None' transport='SPU'
    [svc 3] page=0xff00 usage=255 product='None' transport='SPU'
    [svc 4] page=0xff00 usage=3 product='None' transport='SPU'
    [svc 5] page=0xff00 usage=9 product='None' transport='SPU'
    [svc 6] page=0xff00 usage=5 product='None' transport='SPU'
    [svc 7] page=0xff0c usage=5 product='None' transport='SPU'

  ✓ FOUND AppleSPUHIDDevice (accel=True, gyro=True)

  Result JSON:
{
  "experiment": "EXP-0",
  "timestamp": "2026-03-13T17:24:23.816255Z",
  "euid": 501,
  "is_root": false,
  "system": {
    "macos_version": "15.5",
    "macos_build": "24F74"
  },
  "manager_open_result": "0xe00002e2",
  "devices_found": [],
  "service_devices_found": [
    {
      "primary_usage_page": 32,
      "primary_usage": 138,
      "product": null,
      "transport": "SPU",
      "vendor_id": 1452,
      "product_id": 33028,
      "manufacturer": "Apple",
      "serial_number": ""
    },
    {
      "primary_usage_page": 65292,
      "primary_usage": 1,
      "product": null,
      "transport": "SPU",
      "vendor_id": null,
      "product_id": null,
      "manufacturer": "Apple",
      "serial_number": null
    },
    {
      "primary_usage_page": 65280,
      "primary_usage": 4,
      "product": null,
      "transport": "SPU",
      "vendor_id": null,
      "product_id": null,
      "manufacturer": "Apple",
      "serial_number": null
    },
    {
      "primary_usage_page": 65280,
      "primary_usage": 255,
      "product": null,
      "transport": "SPU",
      "vendor_id": null,
      "product_id": null,
      "manufacturer": "Apple",
      "serial_number": null
    },
    {
      "primary_usage_page": 65280,
      "primary_usage": 3,
      "product": null,
      "transport": "SPU",
      "vendor_id": 1452,
      "product_id": 33028,
      "manufacturer": "Apple",
      "serial_number": "20c86f421060046107094330"
    },
    {
      "primary_usage_page": 65280,
      "primary_usage": 9,
      "product": null,
      "transport": "SPU",
      "vendor_id": 1452,
      "product_id": 33028,
      "manufacturer": "Apple",
      "serial_number": "20c86f421060046107094330"
    },
    {
      "primary_usage_page": 65280,
      "primary_usage": 5,
      "product": null,
      "transport": "SPU",
      "vendor_id": 1452,
      "product_id": 33028,
      "manufacturer": "Apple",
      "serial_number": ""
    },
    {
      "primary_usage_page": 65292,
      "primary_usage": 5,
      "product": null,
      "transport": "SPU",
      "vendor_id": null,
      "product_id": null,
      "manufacturer": "Apple",
      "serial_number": null
    }
  ],
  "spu_accel_found": true,
  "spu_gyro_found": true,
  "verdict": "SUCCESS_SPU_DISCOVERED"
}
