  WARN: IOHIDManagerOpen failed, continuing with direct service path
═══════════════════════════════════════════════════════
  EXP-2: Native C IOKit HID PoC
  euid: 501
  is_root: false
  macOS: 15.5 (24F74)
═══════════════════════════════════════════════════════

  IOHIDManagerOpen(None) = 0xe00002e2 ✗

  Accelerometer (usage 3): FOUND
    transport=SPU product=(null)
  Gyroscope     (usage 9): FOUND
    transport=SPU product=(null)

━━━ Phase A: kIOHIDOptionsTypeNone (non-exclusive) ━━━
  Trying IOHIDDeviceOpen(accel, kIOHIDOptionsTypeNone)...
  ✓ IOHIDDeviceOpen(kIOHIDOptionsTypeNone) = kIOReturnSuccess (0x00000000)
  Trying IOHIDDeviceOpen(gyro, kIOHIDOptionsTypeNone)...
  ✓ IOHIDDeviceOpen(kIOHIDOptionsTypeNone) = kIOReturnSuccess (0x00000000)

━━━ READING DATA (target: 200 samples) ━━━
  [accel] sample #1: x=-0.0029 y=-0.0152 z=-0.9973
  [gyro] sample #1: x=0.0610 y=0.1221 z=0.0000
  [accel] sample #2: x=-0.0033 y=-0.0150 z=-0.9973
  [gyro] sample #2: x=0.1221 y=0.1831 z=0.0610
  [accel] sample #3: x=-0.0039 y=-0.0150 z=-0.9971
  [gyro] sample #3: x=0.1221 y=0.1221 z=0.1221
  [accel] sample #4: x=-0.0041 y=-0.0151 z=-0.9967
  [gyro] sample #4: x=0.1221 y=0.1221 z=-0.0610
  [accel] sample #5: x=-0.0037 y=-0.0152 z=-0.9968
  [gyro] sample #5: x=0.0000 y=0.1831 z=-0.1831
  [accel] sample #50: x=-0.0025 y=-0.0157 z=-0.9963
  [gyro] sample #50: x=0.0000 y=0.1831 z=-0.0610
  [accel] sample #100: x=-0.0035 y=-0.0166 z=-0.9965
  [gyro] sample #100: x=0.0610 y=0.1221 z=-0.0610

  Accel callbacks: 100
  Gyro callbacks:  100

═══════════════════════════════════════════════════════
  SUMMARY
═══════════════════════════════════════════════════════
  euid:                501
  accel found:         yes
  accel open(None):    0x00000000 SUCCESS
  accel samples:       100
  gyro found:          yes
  gyro open(None):     0x00000000 SUCCESS
  gyro samples:        100

  ★ CRITICAL FINDING: Non-root IMU read SUCCEEDED!
    This means H1 is CONFIRMED: root is NOT required by the OS.
═══════════════════════════════════════════════════════
