═══════════════════════════════════════════════════════
  EXP-7: Phase-2 Compatibility Capture Probe
  euid: 501
  is_root: false
  macOS: 26.3 (25D125)
  duration: 8 sec
  emit rate: 200 Hz
  csv: /Users/shiyi/权限问题/results/phase2_compat_20260314_023020/short_run_3.csv
═══════════════════════════════════════════════════════

  IOHIDManagerOpen(None) = 0xe00002e2 ✗

  accel (usage 3): FOUND transport=SPU
  gyro (usage 9): FOUND transport=SPU
  [emit] row #1 ts=309426157232333 ax=0.0000 ay=0.0000 az=0.0000 gx=0.2441 gy=0.0000 gz=0.0000
  [emit] row #2 ts=309426164726125 ax=0.0037 ay=0.0074 az=-1.0074 gx=0.3662 gy=0.0610 gz=-0.1221
  [emit] row #3 ts=309426169529458 ax=0.0039 ay=0.0074 az=-1.0070 gx=0.3052 gy=0.0610 gz=-0.1221
  [emit] row #4 ts=309426174673875 ax=0.0038 ay=0.0075 az=-1.0063 gx=0.3052 gy=0.0000 gz=-0.0610
  [emit] row #5 ts=309426179753916 ax=0.0038 ay=0.0077 az=-1.0064 gx=0.3052 gy=0.0610 gz=0.0000
  [emit] row #6 ts=309426184731125 ax=0.0038 ay=0.0077 az=-1.0068 gx=0.2441 gy=0.0610 gz=-0.1221
  [emit] row #7 ts=309426189565166 ax=0.0040 ay=0.0075 az=-1.0071 gx=0.3052 gy=0.1831 gz=-0.1831
  [emit] row #8 ts=309426194310208 ax=0.0042 ay=0.0074 az=-1.0074 gx=0.3662 gy=-0.0610 gz=-0.1831
  [emit] row #9 ts=309426199411333 ax=0.0042 ay=0.0076 az=-1.0079 gx=0.3052 gy=0.0610 gz=-0.0610
  [emit] row #10 ts=309426204486708 ax=0.0039 ay=0.0078 az=-1.0081 gx=0.3662 gy=0.0000 gz=-0.0610

═══════════════════════════════════════════════════════
  SUMMARY
═══════════════════════════════════════════════════════
  rows written:        1600
  accel callbacks:     1600
  gyro callbacks:      1600
  measured duration:   7.997 sec
  total row rate:      200.07 Hz
  accel callback rate: 200.07 Hz
  gyro callback rate:  200.07 Hz
  csv schema:          timestamp_ns + 6-axis IMU
═══════════════════════════════════════════════════════
