═══════════════════════════════════════════════════════
  EXP-7: Phase-2 Compatibility Capture Probe
  euid: 501
  is_root: false
  macOS: 26.3 (25D125)
  duration: 8 sec
  emit rate: 200 Hz
  csv: /Users/shiyi/权限问题/results/phase2_compat_20260314_023020/short_run_1.csv
═══════════════════════════════════════════════════════

  IOHIDManagerOpen(None) = 0xe00002e2 ✗

  accel (usage 3): FOUND transport=SPU
  gyro (usage 9): FOUND transport=SPU
  [emit] row #1 ts=309410003756041 ax=0.0035 ay=0.0081 az=-1.0076 gx=0.2441 gy=0.0610 gz=-0.0610
  [emit] row #2 ts=309410011292541 ax=0.0036 ay=0.0077 az=-1.0067 gx=0.3662 gy=0.0610 gz=-0.1221
  [emit] row #3 ts=309410013877333 ax=0.0036 ay=0.0073 az=-1.0053 gx=0.3052 gy=0.0610 gz=-0.1221
  [emit] row #4 ts=309410019042833 ax=0.0035 ay=0.0071 az=-1.0050 gx=0.3052 gy=0.0610 gz=-0.0610
  [emit] row #5 ts=309410024121583 ax=0.0032 ay=0.0070 az=-1.0059 gx=0.3662 gy=0.0610 gz=-0.1831
  [emit] row #6 ts=309410029050041 ax=0.0031 ay=0.0070 az=-1.0075 gx=0.3662 gy=-0.0610 gz=-0.1221
  [emit] row #7 ts=309410034100333 ax=0.0033 ay=0.0074 az=-1.0087 gx=0.3052 gy=0.0000 gz=-0.1221
  [emit] row #8 ts=309410039186000 ax=0.0037 ay=0.0079 az=-1.0086 gx=0.1221 gy=0.0000 gz=-0.0610
  [emit] row #9 ts=309410044349791 ax=0.0041 ay=0.0081 az=-1.0074 gx=0.4272 gy=0.0000 gz=-0.0610
  [emit] row #10 ts=309410049477500 ax=0.0043 ay=0.0079 az=-1.0062 gx=0.4883 gy=-0.0610 gz=-0.0610

═══════════════════════════════════════════════════════
  SUMMARY
═══════════════════════════════════════════════════════
  rows written:        1600
  accel callbacks:     1599
  gyro callbacks:      1599
  measured duration:   7.996 sec
  total row rate:      200.10 Hz
  accel callback rate: 199.98 Hz
  gyro callback rate:  199.98 Hz
  csv schema:          timestamp_ns + 6-axis IMU
═══════════════════════════════════════════════════════
